# JRE version: OpenJDK Runtime Environment 18.9 (11.0.11+9) (build 11.0.11+9)
# Java VM: OpenJDK 64-Bit Server VM 18.9 (11.0.11+9, mixed mode, tiered, compressed oops, g1 gc, windows-amd64)
Heap:
 garbage-first heap   total 262144K, used 161897K [0x0000000740000000, 0x0000000800000000)
  region size 1024K, 53 young (54272K), 2 survivors (2048K)
 Metaspace       used 123497K, capacity 127044K, committed 127264K, reserved 1159168K
  class space    used 16265K, capacity 17841K, committed 17868K, reserved 1048576K
GC Heap History (20 events):
Event: 1723.033 GC heap before
{Heap before GC invocations=89 (full 1):
 garbage-first heap   total 262144K, used 163016K [0x0000000740000000, 0x0000000800000000)
  region size 1024K, 60 young (61440K), 3 survivors (3072K)
 Metaspace       used 117432K, capacity 120646K, committed 120864K, reserved 1153024K
  class space    used 15300K, capacity 16719K, committed 16844K, reserved 1048576K
}
Event: 1723.036 GC heap after
{Heap after GC invocations=90 (full 1):
 garbage-first heap   total 262144K, used 104194K [0x0000000740000000, 0x0000000800000000)
  region size 1024K, 2 young (2048K), 2 survivors (2048K)
 Metaspace       used 117432K, capacity 120646K, committed 120864K, reserved 1153024K
  class space    used 15300K, capacity 16719K, committed 16844K, reserved 1048576K
}
Event: 1726.739 GC heap before
{Heap before GC invocations=90 (full 1):
 garbage-first heap   total 262144K, used 173826K [0x0000000740000000, 0x0000000800000000)
  region size 1024K, 60 young (61440K), 2 survivors (2048K)
 Metaspace       used 117598K, capacity 120839K, committed 121120K, reserved 1153024K
  class space    used 15302K, capacity 16719K, committed 16844K, reserved 1048576K
}
Event: 1726.745 GC heap after
{Heap after GC invocations=91 (full 1):
 garbage-first heap   total 262144K, used 115796K [0x0000000740000000, 0x0000000800000000)
  region size 1024K, 3 young (3072K), 3 survivors (3072K)
 Metaspace       used 117598K, capacity 120839K, committed 121120K, reserved 1153024K
  class space    used 15302K, capacity 16719K, committed 16844K, reserved 1048576K
}
Event: 1726.884 GC heap before
{Heap before GC invocations=91 (full 1):
 garbage-first heap   total 262144K, used 142420K [0x0000000740000000, 0x0000000800000000)
  region size 1024K, 30 young (30720K), 3 survivors (3072K)
 Metaspace       used 117613K, capacity 120839K, committed 121120K, reserved 1153024K
  class space    used 15302K, capacity 16719K, committed 16844K, reserved 1048576K
}
Event: 1726.888 GC heap after
{Heap after GC invocations=92 (full 1):
 garbage-first heap   total 262144K, used 105553K [0x0000000740000000, 0x0000000800000000)
  region size 1024K, 3 young (3072K), 3 survivors (3072K)
 Metaspace       used 117613K, capacity 120839K, committed 121120K, reserved 1153024K
  class space    used 15302K, capacity 16719K, committed 16844K, reserved 1048576K
}
Event: 1727.488 GC heap before
{Heap before GC invocations=93 (full 1):
 garbage-first heap   total 262144K, used 169041K [0x0000000740000000, 0x0000000800000000)
  region size 1024K, 60 young (61440K), 3 survivors (3072K)
 Metaspace       used 117634K, capacity 120903K, committed 121120K, reserved 1153024K
  class space    used 15302K, capacity 16719K, committed 16844K, reserved 1048576K
}
Event: 1727.493 GC heap after
{Heap after GC invocations=94 (full 1):
 garbage-first heap   total 262144K, used 110864K [0x0000000740000000, 0x0000000800000000)
  region size 1024K, 3 young (3072K), 3 survivors (3072K)
 Metaspace       used 117634K, capacity 120903K, committed 121120K, reserved 1153024K
  class space    used 15302K, capacity 16719K, committed 16844K, reserved 1048576K
}
Event: 1746.883 GC heap before
{Heap before GC invocations=94 (full 1):
 garbage-first heap   total 262144K, used 169232K [0x0000000740000000, 0x0000000800000000)
  region size 1024K, 60 young (61440K), 3 survivors (3072K)
 Metaspace       used 117677K, capacity 120903K, committed 121120K, reserved 1153024K
  class space    used 15302K, capacity 16719K, committed 16844K, reserved 1048576K
}
Event: 1746.886 GC heap after
{Heap after GC invocations=95 (full 1):
 garbage-first heap   total 262144K, used 105854K [0x0000000740000000, 0x0000000800000000)
  region size 1024K, 3 young (3072K), 3 survivors (3072K)
 Metaspace       used 117677K, capacity 120903K, committed 121120K, reserved 1153024K
  class space    used 15302K, capacity 16719K, committed 16844K, reserved 1048576K
}
Event: 1749.013 GC heap before
{Heap before GC invocations=95 (full 1):
 garbage-first heap   total 262144K, used 164222K [0x0000000740000000, 0x0000000800000000)
  region size 1024K, 60 young (61440K), 3 survivors (3072K)
 Metaspace       used 118954K, capacity 122173K, committed 122400K, reserved 1155072K
  class space    used 15593K, capacity 17033K, committed 17100K, reserved 1048576K
}
Event: 1749.020 GC heap after
{Heap after GC invocations=96 (full 1):
 garbage-first heap   total 262144K, used 109580K [0x0000000740000000, 0x0000000800000000)
  region size 1024K, 7 young (7168K), 7 survivors (7168K)
 Metaspace       used 118954K, capacity 122173K, committed 122400K, reserved 1155072K
  class space    used 15593K, capacity 17033K, committed 17100K, reserved 1048576K
}
Event: 1750.193 GC heap before
{Heap before GC invocations=96 (full 1):
 garbage-first heap   total 262144K, used 163852K [0x0000000740000000, 0x0000000800000000)
  region size 1024K, 60 young (61440K), 7 survivors (7168K)
 Metaspace       used 122193K, capacity 125523K, committed 125728K, reserved 1157120K
  class space    used 16092K, capacity 17584K, committed 17612K, reserved 1048576K
}
Event: 1750.204 GC heap after
{Heap after GC invocations=97 (full 1):
 garbage-first heap   total 262144K, used 108618K [0x0000000740000000, 0x0000000800000000)
  region size 1024K, 8 young (8192K), 8 survivors (8192K)
 Metaspace       used 122193K, capacity 125523K, committed 125728K, reserved 1157120K
  class space    used 16092K, capacity 17584K, committed 17612K, reserved 1048576K
}
Event: 1752.747 GC heap before
{Heap before GC invocations=97 (full 1):
 garbage-first heap   total 262144K, used 164938K [0x0000000740000000, 0x0000000800000000)
  region size 1024K, 60 young (61440K), 8 survivors (8192K)
 Metaspace       used 122435K, capacity 125788K, committed 125984K, reserved 1157120K
  class space    used 16104K, capacity 17587K, committed 17612K, reserved 1048576K
}
Event: 1752.755 GC heap after
{Heap after GC invocations=98 (full 1):
 garbage-first heap   total 262144K, used 111933K [0x0000000740000000, 0x0000000800000000)
  region size 1024K, 2 young (2048K), 2 survivors (2048K)
 Metaspace       used 122435K, capacity 125788K, committed 125984K, reserved 1157120K
  class space    used 16104K, capacity 17587K, committed 17612K, reserved 1048576K
}
Event: 1754.416 GC heap before
{Heap before GC invocations=98 (full 1):
 garbage-first heap   total 262144K, used 171325K [0x0000000740000000, 0x0000000800000000)
  region size 1024K, 60 young (61440K), 2 survivors (2048K)
 Metaspace       used 123301K, capacity 126817K, committed 127008K, reserved 1159168K
  class space    used 16250K, capacity 17808K, committed 17868K, reserved 1048576K
}
Event: 1754.419 GC heap after
{Heap after GC invocations=99 (full 1):
 garbage-first heap   total 262144K, used 110445K [0x0000000740000000, 0x0000000800000000)
  region size 1024K, 2 young (2048K), 2 survivors (2048K)
 Metaspace       used 123301K, capacity 126817K, committed 127008K, reserved 1159168K
  class space    used 16250K, capacity 17808K, committed 17868K, reserved 1048576K
}
Event: 1759.679 GC heap before
{Heap before GC invocations=99 (full 1):
 garbage-first heap   total 262144K, used 169837K [0x0000000740000000, 0x0000000800000000)
  region size 1024K, 60 young (61440K), 2 survivors (2048K)
 Metaspace       used 123458K, capacity 127044K, committed 127264K, reserved 1159168K
  class space    used 16265K, capacity 17841K, committed 17868K, reserved 1048576K
}
Event: 1759.682 GC heap after
{Heap after GC invocations=100 (full 1):
 garbage-first heap   total 262144K, used 110697K [0x0000000740000000, 0x0000000800000000)
  region size 1024K, 2 young (2048K), 2 survivors (2048K)
 Metaspace       used 123458K, capacity 127044K, committed 127264K, reserved 1159168K
  class space    used 16265K, capacity 17841K, committed 17868K, reserved 1048576K
}

